<?xml version="1.0" encoding="UTF-8"?>
<testsuite xmlns:xsi="http://www.w3.org/2001/XMLSchema-instance" xsi:noNamespaceSchemaLocation="https://maven.apache.org/surefire/maven-surefire-plugin/xsd/surefire-test-report-3.0.xsd" version="3.0" name="com.compiler.delphi.DelphiTest" time="0.115" tests="8" errors="0" skipped="0" failures="0">
  <properties>
    <property name="java.specification.version" value="23"/>
    <property name="sun.jnu.encoding" value="UTF-8"/>
    <property name="java.class.path" value="/Users/abhayshastry/Desktop/PLPProject/PascalAntlr4Grammar/target/test-classes:/Users/abhayshastry/Desktop/PLPProject/PascalAntlr4Grammar/target/classes:/Users/abhayshastry/.m2/repository/org/antlr/antlr4-runtime/4.13.1/antlr4-runtime-4.13.1.jar:/Users/abhayshastry/.m2/repository/junit/junit/4.13.2/junit-4.13.2.jar:/Users/abhayshastry/.m2/repository/org/hamcrest/hamcrest-core/1.3/hamcrest-core-1.3.jar:/Users/abhayshastry/.m2/repository/org/hamcrest/hamcrest-all/1.3/hamcrest-all-1.3.jar:"/>
    <property name="java.vm.vendor" value="Homebrew"/>
    <property name="sun.arch.data.model" value="64"/>
    <property name="java.vendor.url" value="https://github.com/Homebrew/homebrew-core/issues"/>
    <property name="os.name" value="Mac OS X"/>
    <property name="java.vm.specification.version" value="23"/>
    <property name="sun.java.launcher" value="SUN_STANDARD"/>
    <property name="user.country" value="US"/>
    <property name="sun.boot.library.path" value="/opt/homebrew/Cellar/openjdk/23.0.2/libexec/openjdk.jdk/Contents/Home/lib"/>
    <property name="sun.java.command" value="/Users/abhayshastry/Desktop/PLPProject/PascalAntlr4Grammar/target/surefire/surefirebooter-20250407165437908_3.jar /Users/abhayshastry/Desktop/PLPProject/PascalAntlr4Grammar/target/surefire 2025-04-07T16-54-37_851-jvmRun1 surefire-20250407165437908_1tmp surefire_0-20250407165437908_2tmp"/>
    <property name="http.nonProxyHosts" value="local|*.local|169.254/16|*.169.254/16"/>
    <property name="jdk.debug" value="release"/>
    <property name="surefire.test.class.path" value="/Users/abhayshastry/Desktop/PLPProject/PascalAntlr4Grammar/target/test-classes:/Users/abhayshastry/Desktop/PLPProject/PascalAntlr4Grammar/target/classes:/Users/abhayshastry/.m2/repository/org/antlr/antlr4-runtime/4.13.1/antlr4-runtime-4.13.1.jar:/Users/abhayshastry/.m2/repository/junit/junit/4.13.2/junit-4.13.2.jar:/Users/abhayshastry/.m2/repository/org/hamcrest/hamcrest-core/1.3/hamcrest-core-1.3.jar:/Users/abhayshastry/.m2/repository/org/hamcrest/hamcrest-all/1.3/hamcrest-all-1.3.jar:"/>
    <property name="sun.cpu.endian" value="little"/>
    <property name="user.home" value="/Users/abhayshastry"/>
    <property name="user.language" value="en"/>
    <property name="java.specification.vendor" value="Oracle Corporation"/>
    <property name="java.version.date" value="2025-01-21"/>
    <property name="java.home" value="/opt/homebrew/Cellar/openjdk/23.0.2/libexec/openjdk.jdk/Contents/Home"/>
    <property name="file.separator" value="/"/>
    <property name="basedir" value="/Users/abhayshastry/Desktop/PLPProject/PascalAntlr4Grammar"/>
    <property name="java.vm.compressedOopsMode" value="Zero based"/>
    <property name="line.separator" value="&#10;"/>
    <property name="java.vm.specification.vendor" value="Oracle Corporation"/>
    <property name="java.specification.name" value="Java Platform API Specification"/>
    <property name="apple.awt.application.name" value="ForkedBooter"/>
    <property name="surefire.real.class.path" value="/Users/abhayshastry/Desktop/PLPProject/PascalAntlr4Grammar/target/surefire/surefirebooter-20250407165437908_3.jar"/>
    <property name="sun.management.compiler" value="HotSpot 64-Bit Tiered Compilers"/>
    <property name="ftp.nonProxyHosts" value="local|*.local|169.254/16|*.169.254/16"/>
    <property name="java.runtime.version" value="23.0.2"/>
    <property name="user.name" value="abhayshastry"/>
    <property name="stdout.encoding" value="UTF-8"/>
    <property name="path.separator" value=":"/>
    <property name="os.version" value="15.1.1"/>
    <property name="java.runtime.name" value="OpenJDK Runtime Environment"/>
    <property name="file.encoding" value="UTF-8"/>
    <property name="java.vm.name" value="OpenJDK 64-Bit Server VM"/>
    <property name="java.vendor.version" value="Homebrew"/>
    <property name="localRepository" value="/Users/abhayshastry/.m2/repository"/>
    <property name="java.vendor.url.bug" value="https://github.com/Homebrew/homebrew-core/issues"/>
    <property name="java.io.tmpdir" value="/var/folders/02/cj9fxp8j6j9drsmtb5cjvjr40000gn/T/"/>
    <property name="java.version" value="23.0.2"/>
    <property name="user.dir" value="/Users/abhayshastry/Desktop/PLPProject/PascalAntlr4Grammar"/>
    <property name="os.arch" value="aarch64"/>
    <property name="java.vm.specification.name" value="Java Virtual Machine Specification"/>
    <property name="native.encoding" value="UTF-8"/>
    <property name="java.library.path" value="/Users/abhayshastry/Library/Java/Extensions:/Library/Java/Extensions:/Network/Library/Java/Extensions:/System/Library/Java/Extensions:/usr/lib/java:."/>
    <property name="java.vm.info" value="mixed mode, sharing"/>
    <property name="stderr.encoding" value="UTF-8"/>
    <property name="java.vendor" value="Homebrew"/>
    <property name="java.vm.version" value="23.0.2"/>
    <property name="sun.io.unicode.encoding" value="UnicodeBig"/>
    <property name="socksNonProxyHosts" value="local|*.local|169.254/16|*.169.254/16"/>
    <property name="java.class.version" value="67.0"/>
  </properties>
  <testcase name="testSimpleScope" classname="com.compiler.delphi.DelphiTest" time="0.077">
    <system-out><![CDATA[
--- Testing simpleScope.pas ---
Output from test: 
Interpreting program: SimpleScopeTest
Declaring variables with type: integer
Declaring variable: x with default value: 0
Registered procedure: outerproc
Expression left side evaluated to: null
Assignment: x := null
Updated variable x in scope 0 with value null
*** PROCEDURE CALL: writeln ***
Expression left side evaluated to: null
Found variable x in scope 0 with value null
Expression left side evaluated to: null
null null
*** PROCEDURE CALL: outerproc ***
In OuterProc: x = 10
In OuterProc: y = 20
*** PROCEDURE CALL: writeln ***
Expression left side evaluated to: null
Found variable x in scope 0 with value 15
Expression left side evaluated to: 15
null 15
Interpretation finished.

--- Finished simpleScope.pas test ---
]]></system-out>
  </testcase>
  <testcase name="testWhileLoop" classname="com.compiler.delphi.DelphiTest" time="0.001">
    <system-out><![CDATA[
--- Testing whileLoop.pas ---
Output from test: 
1
2
3
4
5

--- Finished whileLoop.pas test ---
Output from test: 
1
2
3
4
5

]]></system-out>
  </testcase>
  <testcase name="testForLoop" classname="com.compiler.delphi.DelphiTest" time="0">
    <system-out><![CDATA[
--- Testing forLoop.pas ---
Output from test: 
1
2
3
4
5

--- Finished forLoop.pas test ---
Output from test: 
1
2
3
4
5

]]></system-out>
  </testcase>
  <testcase name="testBreakStatement" classname="com.compiler.delphi.DelphiTest" time="0.001">
    <system-out><![CDATA[
--- Testing breakTest.pas ---
Output from test: 
1
2
3
4
5
Loop exited with break

--- Finished breakTest.pas test ---
]]></system-out>
  </testcase>
  <testcase name="testContinueStatement" classname="com.compiler.delphi.DelphiTest" time="0.001">
    <system-out><![CDATA[
--- Testing continueTest.pas ---
Output from test: 
1
3
5
7
9
Loop completed with continue

--- Finished continueTest.pas test ---
]]></system-out>
  </testcase>
  <testcase name="testRepeatLoop" classname="com.compiler.delphi.DelphiTest" time="0.001">
    <system-out><![CDATA[
--- Testing repeatLoop.pas ---
Output from test: 
1
2
3
4
5

--- Finished repeatLoop.pas test ---
Output from test: 
1
2
3
4
5

]]></system-out>
  </testcase>
  <testcase name="testSimpleProcedure" classname="com.compiler.delphi.DelphiTest" time="0.001">
    <system-out><![CDATA[
--- Testing simpleProcedure.pas ---
Output from test: 
Value is: 5
Hello from procedure
Procedure completed

--- Finished simpleProcedure.pas test ---
]]></system-out>
  </testcase>
  <testcase name="testSimpleFunction" classname="com.compiler.delphi.DelphiTest" time="0"/>
</testsuite>